I: 2024/04/11 21:25:11 scrape.go:36: Visiting https://finance.yahoo.com
I: 2024/04/11 21:29:48 scrape.go:33: Visiting https://finance.yahoo.com
W: 2024/04/11 21:34:41 scrape.go:31: Failed to scrape: exec: "google-chrome": executable file not found in $PATH
E: 2024/04/11 21:34:41 scrape.go:32: exec: "google-chrome": executable file not found in $PATH
I: 2024/04/11 21:34:41 scrape.go:36: Scraped text: 
I: 2024/04/11 21:43:01 scrape.go:36: Scraped text: BTC-USD
I: 2024/04/11 21:53:30 scrape.go:40: Scraped text: BTC-USD, Bitcoin USD, -0.39%
I: 2024/04/11 22:16:42 scrape.go:36: Scraped text: BTC-USD, Bitcoin USD, -0.32%
I: 2024/04/11 22:17:55 scrape.go:36: Scraped text: BTC-USD, Bitcoin USD, -0.46%
I: 2024/04/12 08:31:18 scrape.go:38: Scraped text: B, B, +
I: 2024/04/12 08:31:18 scrape.go:38: Scraped text: T, i, 0
I: 2024/04/12 08:31:18 scrape.go:38: Scraped text: C, t, .
I: 2024/04/12 08:31:18 scrape.go:38: Scraped text: -, c, 8
I: 2024/04/12 08:31:18 scrape.go:38: Scraped text: U, o, 6
I: 2024/04/12 08:31:18 scrape.go:38: Scraped text: S, i, %
W: 2024/04/12 11:16:17 scrape.go:32: Failed to scrape: context deadline exceeded
E: 2024/04/12 11:16:17 scrape.go:33: context deadline exceeded
W: 2024/04/12 11:16:58 scrape.go:32: Failed to scrape: context deadline exceeded
E: 2024/04/12 11:16:58 scrape.go:33: context deadline exceeded
W: 2024/04/12 11:18:17 scrape.go:32: Failed to scrape: context deadline exceeded
E: 2024/04/12 11:18:17 scrape.go:33: context deadline exceeded
